build/app/intermediates/manifest_merge_blame_file/debug/manifest-merger-blame-debug-report.txt
1<?xml version="1.0" encoding="utf-8"?>
2<manifest xmlns:android="http://schemas.android.com/apk/res/android"
3    package="com.example.csi494"
4    android:versionCode="1"
5    android:versionName="1.0.1" >
6
7    <uses-sdk
8        android:minSdkVersion="21"
9        android:targetSdkVersion="31" />
10    <!--
11         Flutter needs it to communicate with the running application
12         to allow setting breakpoints, to provide hot reload, etc.
13    -->
14    <uses-permission android:name="android.permission.INTERNET" />
14-->src\debug\AndroidManifest.xml:6:5-66
14-->src\debug\AndroidManifest.xml:6:22-64
15    <uses-permission android:name="android.permission.ACCESS_NETWORK_STATE" />
15-->[com.google.firebase:firebase-auth:21.0.3] AndroidManifest.xml:24:5-79
15-->[com.google.firebase:firebase-auth:21.0.3] AndroidManifest.xml:24:22-76
16    <!--
17 io.flutter.app.FlutterApplication is an android.app.Application that
18         calls FlutterMain.startInitialization(this); in its onCreate method.
19         In most cases you can leave this as-is, but you if you want to provide
20         additional functionality it is fine to subclass or reimplement
21         FlutterApplication and put your custom class here.
22    -->
23    <application
24        android:name="android.app.Application"
25        android:appComponentFactory="androidx.core.app.CoreComponentFactory"
25-->[androidx.core:core:1.6.0] AndroidManifest.xml:24:18-86
26        android:debuggable="true"
27        android:icon="@mipmap/ic_launcher"
28        android:label="csi494" >
29        <activity
30            android:name="com.example.csi494.MainActivity"
31            android:configChanges="orientation|keyboardHidden|keyboard|screenSize|smallestScreenSize|locale|layoutDirection|fontScale|screenLayout|density|uiMode"
32            android:hardwareAccelerated="true"
33            android:launchMode="singleTop"
34            android:theme="@style/LaunchTheme"
35            android:windowSoftInputMode="adjustResize" >
36            <intent-filter>
37                <action android:name="android.intent.action.MAIN" />
38
39                <category android:name="android.intent.category.LAUNCHER" />
40            </intent-filter>
41        </activity>
42        <!--
43             Don't delete the meta-data below.
44             This is used by the Flutter tool to generate GeneratedPluginRegistrant.java
45        -->
46        <meta-data
47            android:name="flutterEmbedding"
48            android:value="2" />
49
50        <service
50-->[:firebase_auth] AndroidManifest.xml:8:9-12:19
51            android:name="com.google.firebase.components.ComponentDiscoveryService"
51-->[:firebase_auth] AndroidManifest.xml:8:18-89
52            android:directBootAware="true"
52-->[com.google.firebase:firebase-common:20.1.1] AndroidManifest.xml:35:13-43
53            android:exported="false" >
53-->[com.google.firebase:firebase-auth:21.0.3] AndroidManifest.xml:66:13-37
54            <meta-data
54-->[:firebase_auth] AndroidManifest.xml:9:13-11:85
55                android:name="com.google.firebase.components:io.flutter.plugins.firebase.auth.FlutterFirebaseAuthRegistrar"
55-->[:firebase_auth] AndroidManifest.xml:10:17-124
56                android:value="com.google.firebase.components.ComponentRegistrar" />
56-->[:firebase_auth] AndroidManifest.xml:11:17-82
57            <meta-data
57-->[:cloud_firestore] AndroidManifest.xml:9:13-11:85
58                android:name="com.google.firebase.components:io.flutter.plugins.firebase.firestore.FlutterFirebaseFirestoreRegistrar"
58-->[:cloud_firestore] AndroidManifest.xml:10:17-134
59                android:value="com.google.firebase.components.ComponentRegistrar" />
59-->[:cloud_firestore] AndroidManifest.xml:11:17-82
60            <meta-data
60-->[:firebase_core] AndroidManifest.xml:9:13-11:85
61                android:name="com.google.firebase.components:io.flutter.plugins.firebase.core.FlutterFirebaseCoreRegistrar"
61-->[:firebase_core] AndroidManifest.xml:10:17-124
62                android:value="com.google.firebase.components.ComponentRegistrar" />
62-->[:firebase_core] AndroidManifest.xml:11:17-82
63            <meta-data
63-->[com.google.firebase:firebase-auth:21.0.3] AndroidManifest.xml:67:13-69:85
64                android:name="com.google.firebase.components:com.google.firebase.auth.FirebaseAuthRegistrar"
64-->[com.google.firebase:firebase-auth:21.0.3] AndroidManifest.xml:68:17-109
65                android:value="com.google.firebase.components.ComponentRegistrar" />
65-->[com.google.firebase:firebase-auth:21.0.3] AndroidManifest.xml:69:17-82
66            <meta-data
66-->[com.google.firebase:firebase-firestore:24.1.2] AndroidManifest.xml:20:13-22:85
67                android:name="com.google.firebase.components:com.google.firebase.firestore.FirestoreRegistrar"
67-->[com.google.firebase:firebase-firestore:24.1.2] AndroidManifest.xml:21:17-111
68                android:value="com.google.firebase.components.ComponentRegistrar" />
68-->[com.google.firebase:firebase-firestore:24.1.2] AndroidManifest.xml:22:17-82
69        </service>
70
71        <uses-library
71-->[androidx.window:window:1.0.0-beta04] AndroidManifest.xml:25:9-27:40
72            android:name="androidx.window.extensions"
72-->[androidx.window:window:1.0.0-beta04] AndroidManifest.xml:26:13-54
73            android:required="false" />
73-->[androidx.window:window:1.0.0-beta04] AndroidManifest.xml:27:13-37
74        <uses-library
74-->[androidx.window:window:1.0.0-beta04] AndroidManifest.xml:28:9-30:40
75            android:name="androidx.window.sidecar"
75-->[androidx.window:window:1.0.0-beta04] AndroidManifest.xml:29:13-51
76            android:required="false" />
76-->[androidx.window:window:1.0.0-beta04] AndroidManifest.xml:30:13-37
77
78        <activity
78-->[com.google.firebase:firebase-auth:21.0.3] AndroidManifest.xml:27:9-44:20
79            android:name="com.google.firebase.auth.internal.GenericIdpActivity"
79-->[com.google.firebase:firebase-auth:21.0.3] AndroidManifest.xml:28:13-80
80            android:excludeFromRecents="true"
80-->[com.google.firebase:firebase-auth:21.0.3] AndroidManifest.xml:29:13-46
81            android:exported="true"
81-->[com.google.firebase:firebase-auth:21.0.3] AndroidManifest.xml:30:13-36
82            android:launchMode="singleTask"
82-->[com.google.firebase:firebase-auth:21.0.3] AndroidManifest.xml:31:13-44
83            android:theme="@android:style/Theme.Translucent.NoTitleBar" >
83-->[com.google.firebase:firebase-auth:21.0.3] AndroidManifest.xml:32:13-72
84            <intent-filter>
84-->[com.google.firebase:firebase-auth:21.0.3] AndroidManifest.xml:33:13-43:29
85                <action android:name="android.intent.action.VIEW" />
85-->[com.google.firebase:firebase-auth:21.0.3] AndroidManifest.xml:34:17-69
85-->[com.google.firebase:firebase-auth:21.0.3] AndroidManifest.xml:34:25-66
86
87                <category android:name="android.intent.category.DEFAULT" />
87-->[com.google.firebase:firebase-auth:21.0.3] AndroidManifest.xml:36:17-76
87-->[com.google.firebase:firebase-auth:21.0.3] AndroidManifest.xml:36:27-73
88                <category android:name="android.intent.category.BROWSABLE" />
88-->[com.google.firebase:firebase-auth:21.0.3] AndroidManifest.xml:37:17-78
88-->[com.google.firebase:firebase-auth:21.0.3] AndroidManifest.xml:37:27-75
89
90                <data
90-->[com.google.firebase:firebase-auth:21.0.3] AndroidManifest.xml:39:17-42:51
91                    android:host="firebase.auth"
91-->[com.google.firebase:firebase-auth:21.0.3] AndroidManifest.xml:40:21-49
92                    android:path="/"
92-->[com.google.firebase:firebase-auth:21.0.3] AndroidManifest.xml:41:21-37
93                    android:scheme="genericidp" />
93-->[com.google.firebase:firebase-auth:21.0.3] AndroidManifest.xml:42:21-48
94            </intent-filter>
95        </activity>
96        <activity
96-->[com.google.firebase:firebase-auth:21.0.3] AndroidManifest.xml:45:9-62:20
97            android:name="com.google.firebase.auth.internal.RecaptchaActivity"
97-->[com.google.firebase:firebase-auth:21.0.3] AndroidManifest.xml:46:13-79
98            android:excludeFromRecents="true"
98-->[com.google.firebase:firebase-auth:21.0.3] AndroidManifest.xml:47:13-46
99            android:exported="true"
99-->[com.google.firebase:firebase-auth:21.0.3] AndroidManifest.xml:48:13-36
100            android:launchMode="singleTask"
100-->[com.google.firebase:firebase-auth:21.0.3] AndroidManifest.xml:49:13-44
101            android:theme="@android:style/Theme.Translucent.NoTitleBar" >
101-->[com.google.firebase:firebase-auth:21.0.3] AndroidManifest.xml:50:13-72
102            <intent-filter>
102-->[com.google.firebase:firebase-auth:21.0.3] AndroidManifest.xml:51:13-61:29
103                <action android:name="android.intent.action.VIEW" />
103-->[com.google.firebase:firebase-auth:21.0.3] AndroidManifest.xml:34:17-69
103-->[com.google.firebase:firebase-auth:21.0.3] AndroidManifest.xml:34:25-66
104
105                <category android:name="android.intent.category.DEFAULT" />
105-->[com.google.firebase:firebase-auth:21.0.3] AndroidManifest.xml:36:17-76
105-->[com.google.firebase:firebase-auth:21.0.3] AndroidManifest.xml:36:27-73
106                <category android:name="android.intent.category.BROWSABLE" />
106-->[com.google.firebase:firebase-auth:21.0.3] AndroidManifest.xml:37:17-78
106-->[com.google.firebase:firebase-auth:21.0.3] AndroidManifest.xml:37:27-75
107
108                <data
108-->[com.google.firebase:firebase-auth:21.0.3] AndroidManifest.xml:39:17-42:51
109                    android:host="firebase.auth"
109-->[com.google.firebase:firebase-auth:21.0.3] AndroidManifest.xml:40:21-49
110                    android:path="/"
110-->[com.google.firebase:firebase-auth:21.0.3] AndroidManifest.xml:41:21-37
111                    android:scheme="recaptcha" />
111-->[com.google.firebase:firebase-auth:21.0.3] AndroidManifest.xml:42:21-48
112            </intent-filter>
113        </activity>
114
115        <provider
115-->[com.google.firebase:firebase-common:20.1.1] AndroidManifest.xml:26:9-31:39
116            android:name="com.google.firebase.provider.FirebaseInitProvider"
116-->[com.google.firebase:firebase-common:20.1.1] AndroidManifest.xml:27:13-77
117            android:authorities="com.example.csi494.firebaseinitprovider"
117-->[com.google.firebase:firebase-common:20.1.1] AndroidManifest.xml:28:13-72
118            android:directBootAware="true"
118-->[com.google.firebase:firebase-common:20.1.1] AndroidManifest.xml:29:13-43
119            android:exported="false"
119-->[com.google.firebase:firebase-common:20.1.1] AndroidManifest.xml:30:13-37
120            android:initOrder="100" />
120-->[com.google.firebase:firebase-common:20.1.1] AndroidManifest.xml:31:13-36
121
122        <activity
122-->[com.google.android.gms:play-services-base:18.0.1] AndroidManifest.xml:20:9-22:45
123            android:name="com.google.android.gms.common.api.GoogleApiActivity"
123-->[com.google.android.gms:play-services-base:18.0.1] AndroidManifest.xml:20:19-85
124            android:exported="false"
124-->[com.google.android.gms:play-services-base:18.0.1] AndroidManifest.xml:22:19-43
125            android:theme="@android:style/Theme.Translucent.NoTitleBar" />
125-->[com.google.android.gms:play-services-base:18.0.1] AndroidManifest.xml:21:19-78
126
127        <meta-data
127-->[com.google.android.gms:play-services-basement:18.0.0] AndroidManifest.xml:21:9-23:69
128            android:name="com.google.android.gms.version"
128-->[com.google.android.gms:play-services-basement:18.0.0] AndroidManifest.xml:22:13-58
129            android:value="@integer/google_play_services_version" />
129-->[com.google.android.gms:play-services-basement:18.0.0] AndroidManifest.xml:23:13-66
130    </application>
131
132</manifest>